2025-05-26 01:29:25 POST: Array
(
    [id_event] => 10
    [id_kategori] => 7
    [kuantitas] => 2
    [total_harga] => Rp6.000.000
    [id_metode] => 1
)

id_event=10, id_kategori=7, kuantitas=2, id_metode=1, total_harga_raw=Rp6.000.000, total_harga=6000000
2025-05-26 11:12:32 POST: Array
(
    [id_event] => 10
    [id_kategori] => 7
    [kuantitas] => 2
    [total_harga] => Rp6.000.000
    [id_metode] => 1
)

id_event=10, id_kategori=7, kuantitas=2, id_metode=1, total_harga_raw=Rp6.000.000, total_harga=6000000
2025-05-26 11:12:47 POST: Array
(
    [id_event] => 10
    [id_kategori] => 7
    [kuantitas] => 2
    [total_harga] => Rp6.000.000
    [id_metode] => 1
)

id_event=10, id_kategori=7, kuantitas=2, id_metode=1, total_harga_raw=Rp6.000.000, total_harga=6000000
2025-05-26 11:14:44 POST: Array
(
)

id_event=, id_kategori=, kuantitas=, id_metode=, total_harga_raw=, total_harga=
2025-05-26 11:14:49 POST: Array
(
)

id_event=, id_kategori=, kuantitas=, id_metode=, total_harga_raw=, total_harga=
2025-05-26 11:18:35 POST: Array
(
    [id_event] => 10
    [id_kategori] => 7
    [kuantitas] => 2
    [total_harga] => Rp6.000.000
    [id_metode] => 1
)

id_event=10, id_kategori=7, kuantitas=2, id_metode=1, total_harga_raw=Rp6.000.000, total_harga=6000000
2025-05-26 11:18:48 POST: Array
(
    [id_event] => 10
    [id_kategori] => 7
    [kuantitas] => 2
    [total_harga] => Rp6.000.000
    [id_metode] => 1
)

id_event=10, id_kategori=7, kuantitas=2, id_metode=1, total_harga_raw=Rp6.000.000, total_harga=6000000
2025-05-26 11:24:31 POST: Array
(
    [id_event] => 10
    [id_kategori] => 7
    [kuantitas] => 2
    [total_harga] => Rp6.000.000
    [id_metode] => 1
)

id_event=10, id_kategori=7, kuantitas=2, id_metode=1, total_harga_raw=Rp6.000.000, total_harga=6000000
2025-05-26 11:26:29 POST: Array
(
    [id_event] => 10
    [id_kategori] => 7
    [kuantitas] => 2
    [total_harga] => Rp6.000.000
    [id_metode] => 1
)

id_event=10, id_kategori=7, kuantitas=2, id_metode=1, total_harga_raw=Rp6.000.000, total_harga=6000000
2025-05-26 11:29:56 POST: Array
(
    [id_event] => 10
    [id_kategori] => 7
    [kuantitas] => 2
    [total_harga] => Rp6.000.000
    [id_metode] => 1
)

id_event=10, id_kategori=7, kuantitas=2, id_metode=1, total_harga_raw=Rp6.000.000, total_harga=6000000
2025-05-26 11:30:00 POST: Array
(
    [id_event] => 10
    [id_kategori] => 7
    [kuantitas] => 2
    [total_harga] => Rp6.000.000
    [id_metode] => 1
)

id_event=10, id_kategori=7, kuantitas=2, id_metode=1, total_harga_raw=Rp6.000.000, total_harga=6000000
2025-05-26 11:33:16 POST: Array
(
    [id_event] => 10
    [id_kategori] => 7
    [kuantitas] => 2
    [total_harga] => Rp6.000.000
    [id_metode] => 1
)

id_event=10, id_kategori=7, kuantitas=2, id_metode=1, total_harga_raw=Rp6.000.000, total_harga=6000000
2025-05-26 11:35:51 POST: Array
(
    [id_event] => 10
    [id_kategori] => 7
    [kuantitas] => 2
    [total_harga] => Rp6.000.000
    [id_metode] => 1
)

id_event=10, id_kategori=7, kuantitas=2, id_metode=1, total_harga_raw=Rp6.000.000, total_harga=6000000
2025-05-26 12:19:29 POST: Array
(
    [id_event] => 11
    [id_kategori] => 10
    [kuantitas] => 1
    [total_harga] => Rp1.950.000
    [id_metode] => 1
)

id_event=11, id_kategori=10, kuantitas=1, id_metode=1, total_harga_raw=Rp1.950.000, total_harga=1950000
2025-05-26 17:17:23 POST: Array
(
    [id_event] => 10
    [id_kategori] => 8
    [kuantitas] => 2
    [total_harga] => Rp3.500.000
    [id_metode] => 1
)

id_event=10, id_kategori=8, kuantitas=2, id_metode=1, total_harga_raw=Rp3.500.000, total_harga=3500000
2025-05-26 19:54:56 POST: Array
(
    [id_event] => 11
    [id_kategori] => 12
    [kuantitas] => 1
    [total_harga] => Rp1.950.000
    [id_metode] => 1
)

id_event=11, id_kategori=12, kuantitas=1, id_metode=1, total_harga_raw=Rp1.950.000, total_harga=1950000
2025-05-26 19:59:04 POST: Array
(
    [id_event] => 11
    [id_kategori] => 13
    [kuantitas] => 1
    [total_harga] => Rp3.100.000
    [id_metode] => 1
)

id_event=11, id_kategori=13, kuantitas=1, id_metode=1, total_harga_raw=Rp3.100.000, total_harga=3100000
2025-05-26 20:57:56 POST: Array
(
    [id_event] => 11
    [id_kategori] => 30
    [kuantitas] => 2
    [total_harga] => Rp10.000.000
    [id_metode] => 1
)

id_event=11, id_kategori=30, kuantitas=2, id_metode=1, total_harga_raw=Rp10.000.000, total_harga=10000000
2025-05-27 04:05:02 POST: Array
(
    [id_event] => 10
    [id_kategori] => 8
    [kuantitas] => 2
    [total_harga] => Rp3.500.000
    [id_metode] => 1
)

id_event=10, id_kategori=8, kuantitas=2, id_metode=1, total_harga_raw=Rp3.500.000, total_harga=3500000
2025-05-27 08:17:30 POST: Array
(
    [id_event] => 11
    [id_kategori] => 13
    [kuantitas] => 1
    [total_harga] => Rp3.100.000
    [id_metode] => 1
)

id_event=11, id_kategori=13, kuantitas=1, id_metode=1, total_harga_raw=Rp3.100.000, total_harga=3100000
2025-05-27 12:51:11 POST: Array
(
    [id_event] => 10
    [id_kategori] => 7
    [kuantitas] => 4
    [total_harga] => Rp12.000.000
    [id_metode] => 1
)

id_event=10, id_kategori=7, kuantitas=4, id_metode=1, total_harga_raw=Rp12.000.000, total_harga=12000000
2025-06-02 13:30:40 POST: Array
(
    [id_event] => 10
    [id_kategori] => 8
    [kuantitas] => 1
    [total_harga] => Rp1.750.000
    [id_metode] => 1
)

id_event=10, id_kategori=8, kuantitas=1, id_metode=1, total_harga_raw=Rp1.750.000, total_harga=1750000
